<?xml version="1.0" encoding="UTF-8"?>
<testsuite xmlns:xsi="http://www.w3.org/2001/XMLSchema-instance" xsi:noNamespaceSchemaLocation="https://maven.apache.org/surefire/maven-surefire-plugin/xsd/surefire-test-report-3.0.xsd" version="3.0" name="edu.eci.arep.WebFrameWorkTest" time="0.112" tests="4" errors="0" skipped="0" failures="0">
  <properties>
    <property name="java.specification.version" value="22"/>
    <property name="sun.cpu.isalist" value="amd64"/>
    <property name="sun.jnu.encoding" value="Cp1252"/>
    <property name="java.class.path" value="D:\LabArep-4\target\test-classes;D:\LabArep-4\target\classes;C:\Users\Andres Rodriguez\.m2\repository\org\junit\jupiter\junit-jupiter-api\5.9.2\junit-jupiter-api-5.9.2.jar;C:\Users\Andres Rodriguez\.m2\repository\org\opentest4j\opentest4j\1.2.0\opentest4j-1.2.0.jar;C:\Users\Andres Rodriguez\.m2\repository\org\junit\platform\junit-platform-commons\1.9.2\junit-platform-commons-1.9.2.jar;C:\Users\Andres Rodriguez\.m2\repository\org\apiguardian\apiguardian-api\1.1.2\apiguardian-api-1.1.2.jar;C:\Users\Andres Rodriguez\.m2\repository\org\junit\jupiter\junit-jupiter-engine\5.9.2\junit-jupiter-engine-5.9.2.jar;C:\Users\Andres Rodriguez\.m2\repository\org\junit\platform\junit-platform-engine\1.9.2\junit-platform-engine-1.9.2.jar;C:\Users\Andres Rodriguez\.m2\repository\org\apache\httpcomponents\client5\httpclient5\5.2.1\httpclient5-5.2.1.jar;C:\Users\Andres Rodriguez\.m2\repository\org\apache\httpcomponents\core5\httpcore5\5.2\httpcore5-5.2.jar;C:\Users\Andres Rodriguez\.m2\repository\org\apache\httpcomponents\core5\httpcore5-h2\5.2\httpcore5-h2-5.2.jar;C:\Users\Andres Rodriguez\.m2\repository\org\slf4j\slf4j-api\1.7.36\slf4j-api-1.7.36.jar;C:\Users\Andres Rodriguez\.m2\repository\org\apache\commons\commons-lang3\3.12.0\commons-lang3-3.12.0.jar;"/>
    <property name="java.vm.vendor" value="Oracle Corporation"/>
    <property name="sun.arch.data.model" value="64"/>
    <property name="user.variant" value=""/>
    <property name="java.vendor.url" value="https://java.oracle.com/"/>
    <property name="user.timezone" value="America/Bogota"/>
    <property name="os.name" value="Windows 11"/>
    <property name="java.vm.specification.version" value="22"/>
    <property name="sun.java.launcher" value="SUN_STANDARD"/>
    <property name="user.country" value="CO"/>
    <property name="sun.boot.library.path" value="C:\Program Files\Java\jdk-22\bin"/>
    <property name="sun.java.command" value="C:\Users\Andres Rodriguez\AppData\Local\Temp\surefire6556797690299417905\surefirebooter-20250227195840339_3.jar C:\Users\Andres Rodriguez\AppData\Local\Temp\surefire6556797690299417905 2025-02-27T19-58-39_963-jvmRun1 surefire-20250227195840339_1tmp surefire_0-20250227195840339_2tmp"/>
    <property name="jdk.debug" value="release"/>
    <property name="surefire.test.class.path" value="D:\LabArep-4\target\test-classes;D:\LabArep-4\target\classes;C:\Users\Andres Rodriguez\.m2\repository\org\junit\jupiter\junit-jupiter-api\5.9.2\junit-jupiter-api-5.9.2.jar;C:\Users\Andres Rodriguez\.m2\repository\org\opentest4j\opentest4j\1.2.0\opentest4j-1.2.0.jar;C:\Users\Andres Rodriguez\.m2\repository\org\junit\platform\junit-platform-commons\1.9.2\junit-platform-commons-1.9.2.jar;C:\Users\Andres Rodriguez\.m2\repository\org\apiguardian\apiguardian-api\1.1.2\apiguardian-api-1.1.2.jar;C:\Users\Andres Rodriguez\.m2\repository\org\junit\jupiter\junit-jupiter-engine\5.9.2\junit-jupiter-engine-5.9.2.jar;C:\Users\Andres Rodriguez\.m2\repository\org\junit\platform\junit-platform-engine\1.9.2\junit-platform-engine-1.9.2.jar;C:\Users\Andres Rodriguez\.m2\repository\org\apache\httpcomponents\client5\httpclient5\5.2.1\httpclient5-5.2.1.jar;C:\Users\Andres Rodriguez\.m2\repository\org\apache\httpcomponents\core5\httpcore5\5.2\httpcore5-5.2.jar;C:\Users\Andres Rodriguez\.m2\repository\org\apache\httpcomponents\core5\httpcore5-h2\5.2\httpcore5-h2-5.2.jar;C:\Users\Andres Rodriguez\.m2\repository\org\slf4j\slf4j-api\1.7.36\slf4j-api-1.7.36.jar;C:\Users\Andres Rodriguez\.m2\repository\org\apache\commons\commons-lang3\3.12.0\commons-lang3-3.12.0.jar;"/>
    <property name="sun.cpu.endian" value="little"/>
    <property name="user.home" value="C:\Users\Andres Rodriguez"/>
    <property name="user.language" value="es"/>
    <property name="java.specification.vendor" value="Oracle Corporation"/>
    <property name="java.version.date" value="2024-07-16"/>
    <property name="java.home" value="C:\Program Files\Java\jdk-22"/>
    <property name="file.separator" value="\"/>
    <property name="basedir" value="D:\LabArep-4"/>
    <property name="java.vm.compressedOopsMode" value="32-bit"/>
    <property name="line.separator" value="&#10;"/>
    <property name="java.vm.specification.vendor" value="Oracle Corporation"/>
    <property name="java.specification.name" value="Java Platform API Specification"/>
    <property name="surefire.real.class.path" value="C:\Users\Andres Rodriguez\AppData\Local\Temp\surefire6556797690299417905\surefirebooter-20250227195840339_3.jar"/>
    <property name="user.script" value=""/>
    <property name="sun.management.compiler" value="HotSpot 64-Bit Tiered Compilers"/>
    <property name="java.runtime.version" value="22.0.2+9-70"/>
    <property name="user.name" value="Andres Rodriguez"/>
    <property name="stdout.encoding" value="Cp1252"/>
    <property name="path.separator" value=";"/>
    <property name="os.version" value="10.0"/>
    <property name="java.runtime.name" value="Java(TM) SE Runtime Environment"/>
    <property name="file.encoding" value="UTF-8"/>
    <property name="java.vm.name" value="Java HotSpot(TM) 64-Bit Server VM"/>
    <property name="localRepository" value="C:\Users\Andres Rodriguez\.m2\repository"/>
    <property name="java.vendor.url.bug" value="https://bugreport.java.com/bugreport/"/>
    <property name="java.io.tmpdir" value="C:\Users\ANDRES~1\AppData\Local\Temp\"/>
    <property name="java.version" value="22.0.2"/>
    <property name="user.dir" value="D:\LabArep-4"/>
    <property name="os.arch" value="amd64"/>
    <property name="java.vm.specification.name" value="Java Virtual Machine Specification"/>
    <property name="sun.os.patch.level" value=""/>
    <property name="native.encoding" value="Cp1252"/>
    <property name="java.library.path" value="C:\Program Files\Java\jdk-22\bin;C:\WINDOWS\Sun\Java\bin;C:\WINDOWS\system32;C:\WINDOWS;C:\Program Files\Common Files\Oracle\Java\javapath;C:\Program Files (x86)\VMware\VMware Player\bin\;C:\Program Files\Java\jdk-22\bin;C:\WINDOWS\system32;C:\WINDOWS;C:\WINDOWS\System32\Wbem;C:\WINDOWS\System32\WindowsPowerShell\v1.0\;C:\WINDOWS\System32\OpenSSH\;C:\Program Files\dotnet\;C:\Program Files\Git\cmd;C:\apache-maven-3.9.9-bin\apache-maven-3.9.9\bin;C:\Program Files\PuTTY\;C:\Program Files\nodejs\;C:\Program Files\Docker\Docker\resources\bin;C:\Users\Andres Rodriguez\AppData\Local\Microsoft\WindowsApps;;C:\Users\Andres Rodriguez\AppData\Local\Programs\Microsoft VS Code\bin;C:\Users\Andres Rodriguez\AppData\Roaming\npm;c:\Users\Andres Rodriguez\AppData\Roaming\Code\User\globalStorage\github.copilot-chat\debugCommand;."/>
    <property name="java.vm.info" value="mixed mode, sharing"/>
    <property name="stderr.encoding" value="Cp1252"/>
    <property name="java.vendor" value="Oracle Corporation"/>
    <property name="java.vm.version" value="22.0.2+9-70"/>
    <property name="sun.io.unicode.encoding" value="UnicodeLittle"/>
    <property name="java.class.version" value="66.0"/>
  </properties>
  <testcase name="testHandleRequest" classname="edu.eci.arep.WebFrameWorkTest" time="0.06">
    <system-out><![CDATA[📌 Cargando controlador: edu.eci.arep.microspring.Server.GreetingController
✅ Ruta registrada: /App/test
✅ Ruta registrada: /App/pi
✅ Ruta registrada: /App/weather
✅ Ruta registrada: /App/hello
📌 Cargando controlador: edu.eci.arep.microspring.Server.MathController
✅ Ruta registrada: /App/e
✅ Ejecutando ruta dinámica: /App/hello
🔹 Método encontrado: hello
📌 Número de parámetros: 1
]]></system-out>
  </testcase>
  <testcase name="testLoadController" classname="edu.eci.arep.WebFrameWorkTest" time="0.013">
    <system-out><![CDATA[📌 Cargando controlador: edu.eci.arep.microspring.Server.GreetingController
✅ Ruta registrada: /App/test
✅ Ruta registrada: /App/pi
✅ Ruta registrada: /App/weather
✅ Ruta registrada: /App/hello
📌 Cargando controlador: edu.eci.arep.microspring.Server.MathController
✅ Ruta registrada: /App/e
]]></system-out>
  </testcase>
  <testcase name="testHandleUnknownRoute" classname="edu.eci.arep.WebFrameWorkTest" time="0.012">
    <system-out><![CDATA[🔹 Buscando ruta: /ruta-inexistente
⚠️ Ruta no encontrada: /ruta-inexistente
]]></system-out>
  </testcase>
  <testcase name="testRouteRegistration" classname="edu.eci.arep.WebFrameWorkTest" time="0.004">
    <system-out><![CDATA[📌 Cargando controlador: edu.eci.arep.microspring.Server.GreetingController
✅ Ruta registrada: /App/test
✅ Ruta registrada: /App/pi
✅ Ruta registrada: /App/weather
✅ Ruta registrada: /App/hello
📌 Cargando controlador: edu.eci.arep.microspring.Server.MathController
✅ Ruta registrada: /App/e
]]></system-out>
  </testcase>
</testsuite>